<?xml version="1.0" encoding="UTF-8"?>
<!-- Generated by org.testng.reporters.JUnitReportReporter -->
<testsuite skipped="0" hostname="IB-Pune-PC-077" name="com.testng.practice.ParallelMethodTest" tests="2" failures="0" timestamp="08 May 2019 08:22:09 GMT" time="0.006" errors="0">
  <testcase name="testMethodsOne" time="0.005" classname="com.testng.practice.ParallelMethodTest"/>
  <testcase name="testMethodsTwo" time="0.001" classname="com.testng.practice.ParallelMethodTest"/>
</testsuite> <!-- com.testng.practice.ParallelMethodTest -->
