<?xml version="1.0" encoding="UTF-8"?>
<!-- Generated by org.testng.reporters.JUnitReportReporter -->
<testsuite skipped="0" hostname="IB-Pune-PC-077" name="com.testng.practice.ParallelMethodTest2" tests="2" failures="0" timestamp="03 May 2019 07:16:17 GMT" time="0.002" errors="0">
  <testcase name="testMethodsOne" time="0.001" classname="com.testng.practice.ParallelMethodTest2"/>
  <testcase name="testMethodsTwo" time="0.001" classname="com.testng.practice.ParallelMethodTest2"/>
</testsuite> <!-- com.testng.practice.ParallelMethodTest2 -->
