<?xml version="1.0" encoding="UTF-8"?>
<!-- Generated by org.testng.reporters.JUnitReportReporter -->
<testsuite skipped="0" hostname="IB-Pune-PC-077" name="com.testng.practice.demo.ParallelMethodTestDemoPackage" tests="2" failures="0" timestamp="02 May 2019 11:07:53 GMT" time="0.013" errors="0">
  <testcase name="testMethodsOne" time="0.007" classname="com.testng.practice.demo.ParallelMethodTestDemoPackage"/>
  <testcase name="testMethodsTwo" time="0.006" classname="com.testng.practice.demo.ParallelMethodTestDemoPackage"/>
</testsuite> <!-- com.testng.practice.demo.ParallelMethodTestDemoPackage -->
